<?xml version="1.0" encoding="UTF-8"?>
<!-- Generated by org.testng.reporters.JUnitReportReporter -->
<testsuite skipped="0" hostname="DESKTOP-V90JUQB" name="com.netbanking.testcases.Test2" tests="1" failures="0" timestamp="2022-05-24T14:52:49 IST" time="5.256" errors="0">
  <testcase name="Test1" time="5.256" classname="com.netbanking.testcases.Test2"/>
  <system-out/>
</testsuite> <!-- com.netbanking.testcases.Test2 -->
